<?xml version="1.0" encoding="UTF-8"?>
<!-- Generated by org.testng.reporters.JUnitXMLReporter -->
<testsuite ignored="0" hostname="NSSEZ190" failures="0" tests="4" name="BuildingTests_02_Edge" time="0.339" errors="0" timestamp="2025-02-24T15:41:41 IST">
  <testcase classname="api.test.Building_Tests" name="test_GetBuildings" time="0.124"/>
  <testcase classname="api.test.Building_Tests" name="test_AddBuilding" time="0.079"/>
  <testcase classname="api.test.Building_Tests" name="test_GetAllBuildingsByProjectId" time="0.037"/>
  <testcase classname="api.test.Building_Tests" name="test_Update_Building" time="0.024"/>
</testsuite> <!-- BuildingTests_02_Edge -->
