<?xml version="1.0" encoding="UTF-8"?>
<!-- Generated by org.testng.reporters.JUnitXMLReporter -->
<testsuite ignored="0" hostname="NSSEZ190" failures="0" tests="7" name="BuildingTests_02_Edge" time="0.431" errors="0" timestamp="2025-03-03T17:52:51 IST">
  <testcase classname="api.test.Building_Tests" name="test_GetBuildings" time="0.083"/>
  <testcase classname="api.test.Building_Tests" name="test_AddBuilding" time="0.082"/>
  <testcase classname="api.test.Building_Tests" name="test_GetAllBuildingsByProjectId" time="0.052"/>
  <testcase classname="api.test.Building_Tests" name="test_Update_Building" time="0.021"/>
  <testcase classname="api.test.Building_Tests" name="test_toggleArchiveBuilding" time="0.04"/>
  <testcase classname="api.test.Building_Tests" name="test_GetArchivedBuildingsByProjectId" time="0.033"/>
  <testcase classname="api.test.Building_Tests" name="test_removeToggleArchiveBuilding" time="0.04"/>
</testsuite> <!-- BuildingTests_02_Edge -->
