<?xml version="1.0" encoding="UTF-8"?>
<!-- Generated by org.testng.reporters.JUnitXMLReporter -->
<testsuite ignored="0" hostname="NSSEZ190" failures="0" tests="7" name="BuildingTests_02" time="2.386" errors="0" timestamp="2025-03-03T17:55:21 IST">
  <testcase classname="api.test.Building_Tests" name="test_GetBuildings" time="1.37"/>
  <testcase classname="api.test.Building_Tests" name="test_AddBuilding" time="0.129"/>
  <testcase classname="api.test.Building_Tests" name="test_GetAllBuildingsByProjectId" time="0.046"/>
  <testcase classname="api.test.Building_Tests" name="test_Update_Building" time="0.036"/>
  <testcase classname="api.test.Building_Tests" name="test_toggleArchiveBuilding" time="0.043"/>
  <testcase classname="api.test.Building_Tests" name="test_GetArchivedBuildingsByProjectId" time="0.051"/>
  <testcase classname="api.test.Building_Tests" name="test_removeToggleArchiveBuilding" time="0.064"/>
</testsuite> <!-- BuildingTests_02 -->
