<?xml version="1.0" encoding="UTF-8"?>
<!-- Generated by org.testng.reporters.JUnitXMLReporter -->
<testsuite ignored="0" hostname="NSSEZ190" failures="0" tests="7" name="BuildingTests_02_Chrome" time="2.427" errors="0" timestamp="2025-03-03T17:52:50 IST">
  <testcase classname="api.test.Building_Tests" name="test_GetBuildings" time="1.338"/>
  <testcase classname="api.test.Building_Tests" name="test_AddBuilding" time="0.168"/>
  <testcase classname="api.test.Building_Tests" name="test_GetAllBuildingsByProjectId" time="0.055"/>
  <testcase classname="api.test.Building_Tests" name="test_Update_Building" time="0.028"/>
  <testcase classname="api.test.Building_Tests" name="test_toggleArchiveBuilding" time="0.055"/>
  <testcase classname="api.test.Building_Tests" name="test_GetArchivedBuildingsByProjectId" time="0.04"/>
  <testcase classname="api.test.Building_Tests" name="test_removeToggleArchiveBuilding" time="0.042"/>
</testsuite> <!-- BuildingTests_02_Chrome -->
