<?xml version="1.0" encoding="UTF-8"?>
<!-- Generated by org.testng.reporters.JUnitXMLReporter -->
<testsuite ignored="0" hostname="NSSEZ190" failures="0" tests="4" name="BuildingTests_02" time="2.051" errors="0" timestamp="2025-02-24T15:39:27 IST">
  <testcase classname="api.test.Building_Tests" name="test_GetBuildings" time="1.626"/>
  <testcase classname="api.test.Building_Tests" name="test_AddBuilding" time="0.121"/>
  <testcase classname="api.test.Building_Tests" name="test_GetAllBuildingsByProjectId" time="0.068"/>
  <testcase classname="api.test.Building_Tests" name="test_Update_Building" time="0.033"/>
</testsuite> <!-- BuildingTests_02 -->
