<?xml version="1.0" encoding="UTF-8"?>
<!-- Generated by org.testng.reporters.JUnitXMLReporter -->
<testsuite ignored="0" hostname="NSSEZ190" failures="0" tests="4" name="DataDrivenTests_05_Chrome" time="1.773" errors="0" timestamp="2025-02-24T15:41:42 IST">
  <testcase classname="api.test.DDtests" name="test_CreateProject_DDT" time="0.072"/>
  <testcase classname="api.test.DDtests" name="test_CreateProject_DDT" time="0.044"/>
  <testcase classname="api.test.DDtests" name="test_CreateProject_DDT" time="0.038"/>
  <testcase classname="api.test.DDtests" name="test_CreateProject_DDT" time="0.044"/>
</testsuite> <!-- DataDrivenTests_05_Chrome -->
