<?xml version="1.0" encoding="UTF-8"?>
<!-- Generated by org.testng.reporters.JUnitXMLReporter -->
<testsuite ignored="0" hostname="NSSEZ190" failures="0" tests="4" name="DataDrivenTests_03" time="1.279" errors="0" timestamp="2025-02-24T16:14:22 IST">
  <testcase classname="api.test.DDtests" name="test_CreateProject_DDT" time="0.068"/>
  <testcase classname="api.test.DDtests" name="test_CreateProject_DDT" time="0.059"/>
  <testcase classname="api.test.DDtests" name="test_CreateProject_DDT" time="0.051"/>
  <testcase classname="api.test.DDtests" name="test_CreateProject_DDT" time="0.041"/>
</testsuite> <!-- DataDrivenTests_03 -->
