<?xml version="1.0" encoding="UTF-8"?>
<!-- Generated by org.testng.reporters.JUnitXMLReporter -->
<testsuite ignored="0" hostname="NSSEZ190" failures="0" tests="4" name="DataDrivenTests_03" time="1.22" errors="0" timestamp="2025-02-24T15:39:28 IST">
  <testcase classname="api.test.DDtests" name="test_CreateProject_DDT" time="0.053"/>
  <testcase classname="api.test.DDtests" name="test_CreateProject_DDT" time="0.054"/>
  <testcase classname="api.test.DDtests" name="test_CreateProject_DDT" time="0.038"/>
  <testcase classname="api.test.DDtests" name="test_CreateProject_DDT" time="0.043"/>
</testsuite> <!-- DataDrivenTests_03 -->
