<?xml version="1.0" encoding="UTF-8"?>
<!-- Generated by org.testng.reporters.JUnitXMLReporter -->
<testsuite ignored="0" hostname="NSSEZ190" failures="1" tests="1" name="DataDrivenTests_02_Edge" time="0.318" errors="0" timestamp="2025-02-18T12:34:16 IST">
  <testcase classname="api.test.DDtests" name="testCreateProject" time="0.314">
    <failure type="org.testng.internal.reflect.MethodMatcherException" message="
[public void api.test.DDtests.testCreateProject(java.lang.String,java.lang.String,java.lang.String,java.lang.String,java.lang.String,int,int,java.lang.String,java.lang.String,java.lang.String,int,boolean,boolean,boolean,java.lang.String)] has no parameters defined but was found to be using a data provider (either explicitly specified or inherited from class level annotation).
Data provider mismatch
Method: testCreateProject([java.lang.String arg0, java.lang.String arg1, java.lang.String arg2, java.lang.String arg3, java.lang.String arg4, int arg5, int arg6, java.lang.String arg7, java.lang.String arg8, java.lang.String arg9, int arg10, boolean arg11, boolean arg12, boolean arg13, java.lang.String arg14])
Arguments: [(java.lang.String) ABC01,(java.lang.String) Project111,(java.lang.String) Project added from excel,(java.lang.String) 2025-01-01T12:03:55.621Z,(java.lang.String) 2025-12-31T12:03:55.621Z,(java.lang.Integer) 11,(java.lang.Integer) 111,(java.lang.String) sqm,(java.lang.String) Shubham,(java.lang.String) Shubham Jagtap,(java.lang.Integer) 11,(java.lang.Boolean) true,(java.lang.Boolean) false,(java.lang.Boolean) false]">
      <![CDATA[org.testng.internal.reflect.MethodMatcherException: 
[public void api.test.DDtests.testCreateProject(java.lang.String,java.lang.String,java.lang.String,java.lang.String,java.lang.String,int,int,java.lang.String,java.lang.String,java.lang.String,int,boolean,boolean,boolean,java.lang.String)] has no parameters defined but was found to be using a data provider (either explicitly specified or inherited from class level annotation).
Data provider mismatch
Method: testCreateProject([java.lang.String arg0, java.lang.String arg1, java.lang.String arg2, java.lang.String arg3, java.lang.String arg4, int arg5, int arg6, java.lang.String arg7, java.lang.String arg8, java.lang.String arg9, int arg10, boolean arg11, boolean arg12, boolean arg13, java.lang.String arg14])
Arguments: [(java.lang.String) ABC01,(java.lang.String) Project111,(java.lang.String) Project added from excel,(java.lang.String) 2025-01-01T12:03:55.621Z,(java.lang.String) 2025-12-31T12:03:55.621Z,(java.lang.Integer) 11,(java.lang.Integer) 111,(java.lang.String) sqm,(java.lang.String) Shubham,(java.lang.String) Shubham Jagtap,(java.lang.Integer) 11,(java.lang.Boolean) true,(java.lang.Boolean) false,(java.lang.Boolean) false]
at java.base/java.util.ArrayList.forEach(ArrayList.java:1511)
at java.base/java.util.concurrent.FutureTask.run(FutureTask.java:264)
at java.base/java.util.concurrent.ThreadPoolExecutor.runWorker(ThreadPoolExecutor.java:1130)
at java.base/java.util.concurrent.ThreadPoolExecutor$Worker.run(ThreadPoolExecutor.java:630)
at java.base/java.lang.Thread.run(Thread.java:832)
... Removed 12 stack frames]]>
    </failure>
  </testcase> <!-- testCreateProject -->
</testsuite> <!-- DataDrivenTests_02_Edge -->
