<?xml version="1.0" encoding="UTF-8"?>
<!-- Generated by org.testng.reporters.JUnitXMLReporter -->
<testsuite ignored="0" hostname="NSSEZ190" failures="0" tests="4" name="DataDrivenTests_07" time="1.391" errors="0" timestamp="2025-03-03T17:55:23 IST">
  <testcase classname="api.test.DDtests" name="test_CreateProject_DDT" time="0.061"/>
  <testcase classname="api.test.DDtests" name="test_CreateProject_DDT" time="0.052"/>
  <testcase classname="api.test.DDtests" name="test_CreateProject_DDT" time="0.044"/>
  <testcase classname="api.test.DDtests" name="test_CreateProject_DDT" time="0.036"/>
</testsuite> <!-- DataDrivenTests_07 -->
