<?xml version="1.0" encoding="UTF-8"?>
<!-- Generated by org.testng.reporters.JUnitXMLReporter -->
<testsuite ignored="0" hostname="NSSEZ190" failures="0" tests="4" name="DataDrivenTests_07_Chrome" time="1.894" errors="0" timestamp="2025-03-03T17:52:52 IST">
  <testcase classname="api.test.DDtests" name="test_CreateProject_DDT" time="0.055"/>
  <testcase classname="api.test.DDtests" name="test_CreateProject_DDT" time="0.057"/>
  <testcase classname="api.test.DDtests" name="test_CreateProject_DDT" time="0.059"/>
  <testcase classname="api.test.DDtests" name="test_CreateProject_DDT" time="0.046"/>
</testsuite> <!-- DataDrivenTests_07_Chrome -->
