<?xml version="1.0" encoding="UTF-8"?>
<!-- Generated by org.testng.reporters.JUnitXMLReporter -->
<testsuite ignored="0" hostname="NSSEZ190" failures="0" tests="4" name="FloorTests_03_Chrome" time="2.074" errors="0" timestamp="2025-03-03T17:52:50 IST">
  <testcase classname="api.test.Floor_Tests" name="test_GetFloors" time="1.319"/>
  <testcase classname="api.test.Floor_Tests" name="test_AddFloor" time="0.171"/>
  <testcase classname="api.test.Floor_Tests" name="test_GetAllFloorsByBuildingId" time="0.048"/>
  <testcase classname="api.test.Floor_Tests" name="test_Update_Floor" time="0.025"/>
</testsuite> <!-- FloorTests_03_Chrome -->
