<?xml version="1.0" encoding="UTF-8"?>
<!-- Generated by org.testng.reporters.JUnitXMLReporter -->
<testsuite ignored="0" hostname="NSSEZ190" failures="0" tests="4" name="FloorTests_03_Chrome" time="2.317" errors="0" timestamp="2025-02-24T15:41:40 IST">
  <testcase classname="api.test.Floor_Tests" name="test_GetFloors" time="1.584"/>
  <testcase classname="api.test.Floor_Tests" name="test_AddFloor" time="0.147"/>
  <testcase classname="api.test.Floor_Tests" name="test_GetAllFloorsByBuildingId" time="0.054"/>
  <testcase classname="api.test.Floor_Tests" name="test_Update_Floor" time="0.031"/>
</testsuite> <!-- FloorTests_03_Chrome -->
