<?xml version="1.0" encoding="UTF-8"?>
<!-- Generated by org.testng.reporters.JUnitXMLReporter -->
<testsuite ignored="0" hostname="NSSEZ190" failures="0" tests="4" name="FloorTests_03" time="2.384" errors="0" timestamp="2025-02-24T15:39:27 IST">
  <testcase classname="api.test.Floor_Tests" name="test_GetFloors" time="1.626"/>
  <testcase classname="api.test.Floor_Tests" name="test_AddFloor" time="0.234"/>
  <testcase classname="api.test.Floor_Tests" name="test_GetAllFloorsByBuildingId" time="0.058"/>
  <testcase classname="api.test.Floor_Tests" name="test_Update_Floor" time="0.029"/>
</testsuite> <!-- FloorTests_03 -->
