<?xml version="1.0" encoding="UTF-8"?>
<!-- Generated by org.testng.reporters.JUnitXMLReporter -->
<testsuite ignored="0" hostname="NSSEZ190" failures="0" tests="4" name="FloorTests_03_Edge" time="0.302" errors="0" timestamp="2025-03-03T17:52:52 IST">
  <testcase classname="api.test.Floor_Tests" name="test_GetFloors" time="0.075"/>
  <testcase classname="api.test.Floor_Tests" name="test_AddFloor" time="0.094"/>
  <testcase classname="api.test.Floor_Tests" name="test_GetAllFloorsByBuildingId" time="0.046"/>
  <testcase classname="api.test.Floor_Tests" name="test_Update_Floor" time="0.026"/>
</testsuite> <!-- FloorTests_03_Edge -->
