<?xml version="1.0" encoding="UTF-8"?>
<!-- Generated by org.testng.reporters.JUnitXMLReporter -->
<testsuite ignored="0" hostname="NSSEZ190" failures="0" tests="4" name="FloorTests_03_Edge" time="0.24" errors="0" timestamp="2025-02-24T15:41:41 IST">
  <testcase classname="api.test.Floor_Tests" name="test_GetFloors" time="0.049"/>
  <testcase classname="api.test.Floor_Tests" name="test_AddFloor" time="0.083"/>
  <testcase classname="api.test.Floor_Tests" name="test_GetAllFloorsByBuildingId" time="0.04"/>
  <testcase classname="api.test.Floor_Tests" name="test_Update_Floor" time="0.023"/>
</testsuite> <!-- FloorTests_03_Edge -->
