<?xml version="1.0" encoding="UTF-8"?>
<!-- Generated by org.testng.reporters.JUnitXMLReporter -->
<testsuite ignored="0" hostname="NSSEZ190" failures="0" tests="4" name="FloorTests_03" time="2.273" errors="0" timestamp="2025-02-24T16:14:21 IST">
  <testcase classname="api.test.Floor_Tests" name="test_GetFloors" time="1.521"/>
  <testcase classname="api.test.Floor_Tests" name="test_AddFloor" time="0.225"/>
  <testcase classname="api.test.Floor_Tests" name="test_GetAllFloorsByBuildingId" time="0.048"/>
  <testcase classname="api.test.Floor_Tests" name="test_Update_Floor" time="0.027"/>
</testsuite> <!-- FloorTests_03 -->
