<?xml version="1.0" encoding="UTF-8"?>
<!-- Generated by org.testng.reporters.JUnitXMLReporter -->
<testsuite ignored="0" hostname="NSSEZ190" failures="0" tests="5" name="ParameterTests_06_Edge" time="0.194" errors="0" timestamp="2025-03-03T17:52:52 IST">
  <testcase classname="api.test.Parameter_Tests" name="test_GetGlobalParameterStatusByCompanyId" time="0.035"/>
  <testcase classname="api.test.Parameter_Tests" name="test_GetProjectParameterStatusByProjectId" time="0.036"/>
  <testcase classname="api.test.Parameter_Tests" name="test_GetBuildingParameterStatusByBuildingId" time="0.04"/>
  <testcase classname="api.test.Parameter_Tests" name="test_GetFloorParameterStatusByFloorId" time="0.033"/>
  <testcase classname="api.test.Parameter_Tests" name="test_GetRegionParameterStatusByRegionId" time="0.033"/>
</testsuite> <!-- ParameterTests_06_Edge -->
