<?xml version="1.0" encoding="UTF-8"?>
<!-- Generated by org.testng.reporters.JUnitXMLReporter -->
<testsuite ignored="0" hostname="NSSEZ190" failures="0" tests="5" name="PerimeterTests_06" time="0.224" errors="0" timestamp="2025-03-03T17:55:21 IST">
  <testcase classname="api.test.Parameter_Tests" name="test_GetGlobalParameterStatusByCompanyId" time="0.044"/>
  <testcase classname="api.test.Parameter_Tests" name="test_GetProjectParameterStatusByProjectId" time="0.07"/>
  <testcase classname="api.test.Parameter_Tests" name="test_GetBuildingParameterStatusByBuildingId" time="0.032"/>
  <testcase classname="api.test.Parameter_Tests" name="test_GetFloorParameterStatusByFloorId" time="0.034"/>
  <testcase classname="api.test.Parameter_Tests" name="test_GetRegionParameterStatusByRegionId" time="0.029"/>
</testsuite> <!-- PerimeterTests_06 -->
