<?xml version="1.0" encoding="UTF-8"?>
<!-- Generated by org.testng.reporters.JUnitXMLReporter -->
<testsuite ignored="0" hostname="NSSEZ190" failures="0" tests="6" name="ProjectTests_01_Chrome" time="2.423" errors="0" timestamp="2025-02-24T15:41:41 IST">
  <testcase classname="api.test.Project_Tests" name="test_CreateProject" time="1.71"/>
  <testcase classname="api.test.Project_Tests" name="test_GetProject" time="0.029"/>
  <testcase classname="api.test.Project_Tests" name="test_UpdateProject" time="0.082"/>
  <testcase classname="api.test.Project_Tests" name="test_GetActiveProject" time="0.024"/>
  <testcase classname="api.test.Project_Tests" name="test_GetArchivedProject" time="0.022"/>
  <testcase classname="api.test.Project_Tests" name="test_GetProjectDetails" time="0.019"/>
</testsuite> <!-- ProjectTests_01_Chrome -->
