<?xml version="1.0" encoding="UTF-8"?>
<!-- Generated by org.testng.reporters.JUnitXMLReporter -->
<testsuite ignored="0" hostname="NSSEZ190" failures="0" tests="6" name="ProjectTests_01" time="2.587" errors="0" timestamp="2025-02-21T10:28:50 IST">
  <testcase classname="api.test.Project_Tests" name="test_CreateProject" time="1.913"/>
  <testcase classname="api.test.Project_Tests" name="test_GetProject" time="0.028"/>
  <testcase classname="api.test.Project_Tests" name="test_UpdateProject" time="0.077"/>
  <testcase classname="api.test.Project_Tests" name="test_GetActiveProject" time="0.021"/>
  <testcase classname="api.test.Project_Tests" name="test_GetArchivedProject" time="0.019"/>
  <testcase classname="api.test.Project_Tests" name="test_GetProjectDetails" time="0.016"/>
</testsuite> <!-- ProjectTests_01 -->
