<?xml version="1.0" encoding="UTF-8"?>
<!-- Generated by org.testng.reporters.JUnitXMLReporter -->
<testsuite ignored="0" hostname="NSSEZ190" failures="0" tests="9" name="ProjectTests_01_Edge" time="0.788" errors="0" timestamp="2025-03-03T17:52:51 IST">
  <testcase classname="api.test.Project_Tests" name="test_CreateProject" time="0.058"/>
  <testcase classname="api.test.Project_Tests" name="test_GetProject" time="0.043"/>
  <testcase classname="api.test.Project_Tests" name="test_UpdateProject" time="0.073"/>
  <testcase classname="api.test.Project_Tests" name="test_GetActiveProject" time="0.292"/>
  <testcase classname="api.test.Project_Tests" name="test_GetArchivedProject" time="0.048"/>
  <testcase classname="api.test.Project_Tests" name="test_GetProjectDetails" time="0.046"/>
  <testcase classname="api.test.Project_Tests" name="test_GetTimeLineByProjectId" time="0.07"/>
  <testcase classname="api.test.Project_Tests" name="test_GetAreaByProjectId" time="0.044"/>
  <testcase classname="api.test.Project_Tests" name="test_GetCompanyDetailsByProjectId" time="0.033"/>
</testsuite> <!-- ProjectTests_01_Edge -->
