<?xml version="1.0" encoding="UTF-8"?>
<!-- Generated by org.testng.reporters.JUnitXMLReporter -->
<testsuite ignored="0" hostname="NSSEZ190" failures="0" tests="5" name="ProjectTests_01_Chrome" time="2.621" errors="0" timestamp="2025-02-18T18:11:19 IST">
  <testcase classname="api.test.ProjectTests" name="test_CreateProject" time="2.003"/>
  <testcase classname="api.test.ProjectTests" name="test_GetProject" time="0.029"/>
  <testcase classname="api.test.ProjectTests" name="test_UpdateProject" time="0.081"/>
  <testcase classname="api.test.ProjectTests" name="test_GetActiveProject" time="0.018"/>
  <testcase classname="api.test.ProjectTests" name="test_GetArchivedProject" time="0.018"/>
</testsuite> <!-- ProjectTests_01_Chrome -->
