<?xml version="1.0" encoding="UTF-8"?>
<!-- Generated by org.testng.reporters.JUnitXMLReporter -->
<testsuite ignored="0" hostname="NSSEZ190" failures="0" tests="4" name="RegionTests_04_Chrome" time="2.353" errors="0" timestamp="2025-02-24T15:41:41 IST">
  <testcase classname="api.test.Region_Tests" name="test_GetRegions" time="1.481"/>
  <testcase classname="api.test.Region_Tests" name="test_AddRegion" time="0.292"/>
  <testcase classname="api.test.Region_Tests" name="test_GetAllRegionsByFloorId" time="0.062"/>
  <testcase classname="api.test.Region_Tests" name="test_Update_Region" time="0.034"/>
</testsuite> <!-- RegionTests_04_Chrome -->
