<?xml version="1.0" encoding="UTF-8"?>
<!-- Generated by org.testng.reporters.JUnitXMLReporter -->
<testsuite ignored="0" hostname="NSSEZ190" failures="0" tests="4" name="RegionTests_04" time="2.271" errors="0" timestamp="2025-02-24T16:14:21 IST">
  <testcase classname="api.test.Region_Tests" name="test_GetRegions" time="1.499"/>
  <testcase classname="api.test.Region_Tests" name="test_AddRegion" time="0.242"/>
  <testcase classname="api.test.Region_Tests" name="test_GetAllRegionsByFloorId" time="0.046"/>
  <testcase classname="api.test.Region_Tests" name="test_Update_Region" time="0.03"/>
</testsuite> <!-- RegionTests_04 -->
