<?xml version="1.0" encoding="UTF-8"?>
<!-- Generated by org.testng.reporters.JUnitXMLReporter -->
<testsuite ignored="0" hostname="NSSEZ190" failures="0" tests="4" name="RegionTests_06_Chrome" time="2.283" errors="0" timestamp="2025-03-03T17:52:50 IST">
  <testcase classname="api.test.Region_Tests" name="test_GetRegions" time="1.315"/>
  <testcase classname="api.test.Region_Tests" name="test_AddRegion" time="0.186"/>
  <testcase classname="api.test.Region_Tests" name="test_GetAllRegionsByFloorId" time="0.053"/>
  <testcase classname="api.test.Region_Tests" name="test_Update_Region" time="0.03"/>
</testsuite> <!-- RegionTests_06_Chrome -->
