<?xml version="1.0" encoding="UTF-8"?>
<!-- Generated by org.testng.reporters.JUnitXMLReporter -->
<testsuite ignored="0" hostname="NSSEZ190" failures="0" tests="4" name="RegionTests_04_Edge" time="0.283" errors="0" timestamp="2025-02-24T15:41:41 IST">
  <testcase classname="api.test.Region_Tests" name="test_GetRegions" time="0.059"/>
  <testcase classname="api.test.Region_Tests" name="test_AddRegion" time="0.111"/>
  <testcase classname="api.test.Region_Tests" name="test_GetAllRegionsByFloorId" time="0.053"/>
  <testcase classname="api.test.Region_Tests" name="test_Update_Region" time="0.029"/>
</testsuite> <!-- RegionTests_04_Edge -->
