<?xml version="1.0" encoding="UTF-8"?>
<!-- Generated by org.testng.reporters.JUnitXMLReporter -->
<testsuite ignored="0" hostname="NSSEZ190" failures="0" tests="12" name="ScanDataTests_04_Chrome" time="0.918" errors="0" timestamp="2025-03-03T17:52:51 IST">
  <testcase classname="api.test.ScanData_Tests" name="test_GetScanData" time="0.069"/>
  <testcase classname="api.test.ScanData_Tests" name="test_AddScanDate" time="0.089"/>
  <testcase classname="api.test.ScanData_Tests" name="test_GetScanDataByRegionId" time="0.037"/>
  <testcase classname="api.test.ScanData_Tests" name="test_GetProjectsProgressByProjectId" time="0.046"/>
  <testcase classname="api.test.ScanData_Tests" name="test_GetBuildingProgressByBuildingId" time="0.05"/>
  <testcase classname="api.test.ScanData_Tests" name="test_GetFloorProgressByFloorId" time="0.057"/>
  <testcase classname="api.test.ScanData_Tests" name="test_GetRegionProgressByProjectId" time="0.051"/>
  <testcase classname="api.test.ScanData_Tests" name="test_GetAllCustomersDiskSpace" time="0.043"/>
  <testcase classname="api.test.ScanData_Tests" name="test_GetCompanyDiskSpaceByCompanyId" time="0.035"/>
  <testcase classname="api.test.ScanData_Tests" name="test_GetWaitingProcessesList" time="0.053"/>
  <testcase classname="api.test.ScanData_Tests" name="test_CheckJsonFiles" time="0.064"/>
  <testcase classname="api.test.ScanData_Tests" name="test_GetStackItem" time="0.226"/>
</testsuite> <!-- ScanDataTests_04_Chrome -->
