<?xml version="1.0" encoding="UTF-8"?>
<!-- Generated by org.testng.reporters.JUnitXMLReporter -->
<testsuite ignored="0" hostname="NSSEZ190" failures="0" tests="12" name="ScanDataTests_05" time="0.666" errors="0" timestamp="2025-03-03T17:55:22 IST">
  <testcase classname="api.test.ScanData_Tests" name="test_GetScanData" time="0.123"/>
  <testcase classname="api.test.ScanData_Tests" name="test_AddScanDate" time="0.082"/>
  <testcase classname="api.test.ScanData_Tests" name="test_GetScanDataByRegionId" time="0.039"/>
  <testcase classname="api.test.ScanData_Tests" name="test_GetProjectsProgressByProjectId" time="0.043"/>
  <testcase classname="api.test.ScanData_Tests" name="test_GetBuildingProgressByBuildingId" time="0.046"/>
  <testcase classname="api.test.ScanData_Tests" name="test_GetFloorProgressByFloorId" time="0.047"/>
  <testcase classname="api.test.ScanData_Tests" name="test_GetRegionProgressByProjectId" time="0.039"/>
  <testcase classname="api.test.ScanData_Tests" name="test_GetAllCustomersDiskSpace" time="0.03"/>
  <testcase classname="api.test.ScanData_Tests" name="test_GetCompanyDiskSpaceByCompanyId" time="0.045"/>
  <testcase classname="api.test.ScanData_Tests" name="test_GetWaitingProcessesList" time="0.045"/>
  <testcase classname="api.test.ScanData_Tests" name="test_CheckJsonFiles" time="0.031"/>
  <testcase classname="api.test.ScanData_Tests" name="test_GetStackItem" time="0.032"/>
</testsuite> <!-- ScanDataTests_05 -->
