<?xml version="1.0" encoding="UTF-8"?>
<!-- Generated by org.testng.reporters.JUnitXMLReporter -->
<testsuite ignored="0" hostname="NSSEZ190" failures="0" tests="6" name="UserTests_04" time="1.615" errors="0" timestamp="2025-02-24T15:39:28 IST">
  <testcase classname="api.test.User_Tests" name="testLogin" time="0.118"/>
  <testcase classname="api.test.User_Tests" name="test_GetAllUser" time="0.063"/>
  <testcase classname="api.test.User_Tests" name="test_GetUserByEmailId" time="0.031"/>
  <testcase classname="api.test.User_Tests" name="test_forgotPassword" time="0.663"/>
  <testcase classname="api.test.User_Tests" name="test_sendOtpToEmail" time="0.694"/>
  <testcase classname="api.test.User_Tests" name="testLogout" time="0.028"/>
</testsuite> <!-- UserTests_04 -->
