<?xml version="1.0" encoding="UTF-8"?>
<!-- Generated by org.testng.reporters.JUnitXMLReporter -->
<testsuite ignored="0" hostname="NSSEZ190" failures="0" tests="6" name="UserTests_04" time="2.732" errors="0" timestamp="2025-02-21T10:28:50 IST">
  <testcase classname="api.test.User_Tests" name="testLogin" time="1.826"/>
  <testcase classname="api.test.User_Tests" name="test_GetAllUser" time="0.075"/>
  <testcase classname="api.test.User_Tests" name="test_GetUserByEmailId" time="0.061"/>
  <testcase classname="api.test.User_Tests" name="test_forgotPassword" time="0.259"/>
  <testcase classname="api.test.User_Tests" name="test_sendOtpToEmail" time="0.239"/>
  <testcase classname="api.test.User_Tests" name="testLogout" time="0.042"/>
</testsuite> <!-- UserTests_04 -->
