<?xml version="1.0" encoding="UTF-8"?>
<!-- Generated by org.testng.reporters.JUnitXMLReporter -->
<testsuite ignored="0" hostname="NSSEZ190" failures="0" tests="6" name="UserTests_03_Chrome" time="2.689" errors="0" timestamp="2025-02-19T12:31:45 IST">
  <testcase classname="api.test.User_Tests" name="testLogin" time="1.785"/>
  <testcase classname="api.test.User_Tests" name="test_GetAllUser" time="0.06"/>
  <testcase classname="api.test.User_Tests" name="test_GetUserByEmailId" time="0.058"/>
  <testcase classname="api.test.User_Tests" name="test_forgotPassword" time="0.457"/>
  <testcase classname="api.test.User_Tests" name="test_sendOtpToEmail" time="0.176"/>
  <testcase classname="api.test.User_Tests" name="testLogout" time="0.023"/>
</testsuite> <!-- UserTests_03_Chrome -->
