<?xml version="1.0" encoding="UTF-8"?>
<!-- Generated by org.testng.reporters.JUnitXMLReporter -->
<testsuite ignored="0" hostname="NSSEZ190" failures="0" tests="6" name="UserTests_08_Edge" time="2.027" errors="0" timestamp="2025-03-03T17:52:54 IST">
  <testcase classname="api.test.User_Tests" name="testLogin" time="0.102"/>
  <testcase classname="api.test.User_Tests" name="test_GetAllUser" time="0.027"/>
  <testcase classname="api.test.User_Tests" name="test_GetUserByEmailId" time="0.026"/>
  <testcase classname="api.test.User_Tests" name="test_forgotPassword" time="0.409"/>
  <testcase classname="api.test.User_Tests" name="test_sendOtpToEmail" time="1.427"/>
  <testcase classname="api.test.User_Tests" name="testLogout" time="0.022"/>
</testsuite> <!-- UserTests_08_Edge -->
