<?xml version="1.0" encoding="UTF-8"?>
<!-- Generated by org.testng.reporters.JUnitXMLReporter -->
<testsuite ignored="0" hostname="NSSEZ190" failures="0" tests="6" name="UserTests_06_Edge" time="1.141" errors="0" timestamp="2025-02-24T15:41:42 IST">
  <testcase classname="api.test.User_Tests" name="testLogin" time="0.156"/>
  <testcase classname="api.test.User_Tests" name="test_GetAllUser" time="0.049"/>
  <testcase classname="api.test.User_Tests" name="test_GetUserByEmailId" time="0.038"/>
  <testcase classname="api.test.User_Tests" name="test_forgotPassword" time="0.454"/>
  <testcase classname="api.test.User_Tests" name="test_sendOtpToEmail" time="0.399"/>
  <testcase classname="api.test.User_Tests" name="testLogout" time="0.026"/>
</testsuite> <!-- UserTests_06_Edge -->
