<?xml version="1.0" encoding="UTF-8"?>
<!-- Generated by org.testng.reporters.JUnitXMLReporter -->
<testsuite ignored="0" hostname="NSSEZ190" failures="0" tests="4" name="UserTests_03" time="2.111" errors="0" timestamp="2025-02-18T17:23:57 IST">
  <testcase classname="api.test.User_Tests" name="testLogin" time="1.8"/>
  <testcase classname="api.test.User_Tests" name="test_GetAllUser" time="0.077"/>
  <testcase classname="api.test.User_Tests" name="test_GetUserByEmailId" time="0.052"/>
  <testcase classname="api.test.User_Tests" name="testLogout" time="0.052"/>
</testsuite> <!-- UserTests_03 -->
