<?xml version="1.0" encoding="UTF-8"?>
<!-- Generated by org.testng.reporters.JUnitXMLReporter -->
<testsuite ignored="0" hostname="NSSEZ190" failures="0" tests="6" name="UserTests_06_Chrome" time="1.064" errors="0" timestamp="2025-02-24T15:41:42 IST">
  <testcase classname="api.test.User_Tests" name="testLogin" time="0.142"/>
  <testcase classname="api.test.User_Tests" name="test_GetAllUser" time="0.054"/>
  <testcase classname="api.test.User_Tests" name="test_GetUserByEmailId" time="0.082"/>
  <testcase classname="api.test.User_Tests" name="test_forgotPassword" time="0.457"/>
  <testcase classname="api.test.User_Tests" name="test_sendOtpToEmail" time="0.236"/>
  <testcase classname="api.test.User_Tests" name="testLogout" time="0.07"/>
</testsuite> <!-- UserTests_06_Chrome -->
