<?xml version="1.0" encoding="UTF-8"?>
<!-- Generated by org.testng.reporters.JUnitXMLReporter -->
<testsuite ignored="0" hostname="NSSEZ190" failures="0" tests="6" name="UserTests_03_Chrome" time="4.993" errors="0" timestamp="2025-02-19T15:56:18 IST">
  <testcase classname="api.test.User_Tests" name="testLogin" time="1.711"/>
  <testcase classname="api.test.User_Tests" name="test_GetAllUser" time="0.062"/>
  <testcase classname="api.test.User_Tests" name="test_GetUserByEmailId" time="0.055"/>
  <testcase classname="api.test.User_Tests" name="test_forgotPassword" time="2.657"/>
  <testcase classname="api.test.User_Tests" name="test_sendOtpToEmail" time="0.395"/>
  <testcase classname="api.test.User_Tests" name="testLogout" time="0.035"/>
</testsuite> <!-- UserTests_03_Chrome -->
