<?xml version="1.0" encoding="UTF-8"?>
<!-- Generated by org.testng.reporters.JUnitXMLReporter -->
<testsuite ignored="0" hostname="NSSEZ190" failures="0" tests="4" name="UserTests_03_Edge" time="0.23" errors="0" timestamp="2025-02-18T18:11:19 IST">
  <testcase classname="api.test.User_Tests" name="testLogin" time="0.118"/>
  <testcase classname="api.test.User_Tests" name="test_GetAllUser" time="0.04"/>
  <testcase classname="api.test.User_Tests" name="test_GetUserByEmailId" time="0.024"/>
  <testcase classname="api.test.User_Tests" name="testLogout" time="0.025"/>
</testsuite> <!-- UserTests_03_Edge -->
