<?xml version="1.0" encoding="UTF-8"?>
<!-- Generated by org.testng.reporters.JUnitXMLReporter -->
<testsuite ignored="0" hostname="NSSEZ190" failures="0" tests="7" name="UserTests_08" time="7.216" errors="0" timestamp="2025-03-03T17:55:29 IST">
  <testcase classname="api.test.User_Tests" name="testLogin" time="0.136"/>
  <testcase classname="api.test.User_Tests" name="test_GetAllUser" time="0.048"/>
  <testcase classname="api.test.User_Tests" name="test_GetUserByEmailId" time="0.042"/>
  <testcase classname="api.test.User_Tests" name="test_forgotPassword" time="5.036">
    <skipped/>
  </testcase> <!-- test_forgotPassword -->
  <testcase classname="api.test.User_Tests" name="test_forgotPassword" time="1.451"/>
  <testcase classname="api.test.User_Tests" name="test_sendOtpToEmail" time="0.459"/>
  <testcase classname="api.test.User_Tests" name="testLogout" time="0.026"/>
</testsuite> <!-- UserTests_08 -->
