<?xml version="1.0" encoding="UTF-8"?>
<!-- Generated by org.testng.reporters.JUnitXMLReporter -->
<testsuite ignored="0" hostname="NSSEZ190" failures="0" tests="7" name="UserTests_08_Chrome" time="5.894" errors="0" timestamp="2025-03-03T17:52:56 IST">
  <testcase classname="api.test.User_Tests" name="testLogin" time="0.144"/>
  <testcase classname="api.test.User_Tests" name="test_GetAllUser" time="0.048"/>
  <testcase classname="api.test.User_Tests" name="test_GetUserByEmailId" time="0.034"/>
  <testcase classname="api.test.User_Tests" name="test_forgotPassword" time="0.361"/>
  <testcase classname="api.test.User_Tests" name="test_sendOtpToEmail" time="5.045">
    <skipped/>
  </testcase> <!-- test_sendOtpToEmail -->
  <testcase classname="api.test.User_Tests" name="test_sendOtpToEmail" time="0.225"/>
  <testcase classname="api.test.User_Tests" name="testLogout" time="0.02"/>
</testsuite> <!-- UserTests_08_Chrome -->
