<?xml version="1.0" encoding="UTF-8"?>
<!-- Generated by org.testng.reporters.JUnitXMLReporter -->
<testsuite ignored="0" hostname="NSSEZ190" failures="0" tests="4" name="UserTests_03" time="2.04" errors="0" timestamp="2025-02-18T11:52:52 IST">
  <testcase classname="api.test.User_Tests" name="testLogin" time="1.736"/>
  <testcase classname="api.test.User_Tests" name="test_GetAllUser" time="0.074"/>
  <testcase classname="api.test.User_Tests" name="test_GetUserByEmailId" time="0.056"/>
  <testcase classname="api.test.User_Tests" name="testLogout" time="0.058"/>
</testsuite> <!-- UserTests_03 -->
