<?xml version="1.0" encoding="UTF-8"?>
<!-- Generated by org.testng.reporters.JUnitXMLReporter -->
<testsuite ignored="0" hostname="NSSEZ190" failures="0" tests="4" name="Default test" time="1.613" errors="0" timestamp="2025-02-15T14:02:24 IST">
  <testcase classname="api.test.User_Tests" name="testLogin" time="1.414"/>
  <testcase classname="api.test.User_Tests" name="test_GetAllUser" time="0.081"/>
  <testcase classname="api.test.User_Tests" name="test_GetUserByEmailId" time="0.048"/>
  <testcase classname="api.test.User_Tests" name="testLogout" time="0.035"/>
</testsuite> <!-- Default test -->
