<?xml version="1.0" encoding="UTF-8"?>
<!-- Generated by org.testng.reporters.JUnitXMLReporter -->
<testsuite ignored="0" hostname="NSSEZ190" failures="0" tests="5" name="Test1" time="1.78" errors="0" timestamp="2025-02-17T09:34:45 IST">
  <testcase classname="api.test.ProjectTests" name="test_CreateProject" time="1.516"/>
  <testcase classname="api.test.ProjectTests" name="test_GetProject" time="0.028"/>
  <testcase classname="api.test.ProjectTests" name="test_UpdateProject" time="0.036"/>
  <testcase classname="api.test.ProjectTests" name="test_GetActiveProject" time="0.056"/>
  <testcase classname="api.test.ProjectTests" name="test_GetArchivedProject" time="0.017"/>
</testsuite> <!-- Test1 -->
