<?xml version="1.0" encoding="UTF-8"?>
<!-- Generated by org.testng.reporters.JUnitXMLReporter -->
<testsuite ignored="0" hostname="NSSEZ190" failures="0" tests="11" name="Test" time="2.842" errors="0" timestamp="2025-02-17T16:20:04 IST">
  <testcase classname="api.test.ProjectTests" name="test_CreateProject" time="1.411"/>
  <testcase classname="api.test.ProjectTests" name="test_GetProject" time="0.031"/>
  <testcase classname="api.test.ProjectTests" name="test_UpdateProject" time="0.034"/>
  <testcase classname="api.test.ProjectTests" name="test_GetActiveProject" time="0.06"/>
  <testcase classname="api.test.ProjectTests" name="test_GetArchivedProject" time="0.017"/>
  <testcase classname="api.test.DDtests" name="testCreateProject" time="0.092"/>
  <testcase classname="api.test.DDtests" name="testCreateProject" time="0.072"/>
  <testcase classname="api.test.User_Tests" name="testLogin" time="0.109"/>
  <testcase classname="api.test.User_Tests" name="test_GetAllUser" time="0.032"/>
  <testcase classname="api.test.User_Tests" name="test_GetUserByEmailId" time="0.036"/>
  <testcase classname="api.test.User_Tests" name="testLogout" time="0.029"/>
</testsuite> <!-- Test -->
