<?xml version="1.0" encoding="UTF-8"?>
<!-- Generated by org.testng.reporters.JUnitXMLReporter -->
<testsuite ignored="0" hostname="NSSEZ190" failures="0" tests="20" name="Test" time="5.179" errors="0" timestamp="2025-02-24T10:35:34 IST">
  <testcase classname="api.test.Project_Tests" name="test_CreateProject" time="1.877"/>
  <testcase classname="api.test.Project_Tests" name="test_GetProject" time="0.042"/>
  <testcase classname="api.test.Project_Tests" name="test_UpdateProject" time="0.077"/>
  <testcase classname="api.test.Project_Tests" name="test_GetActiveProject" time="0.015"/>
  <testcase classname="api.test.Project_Tests" name="test_GetArchivedProject" time="0.043"/>
  <testcase classname="api.test.Project_Tests" name="test_GetProjectDetails" time="0.029"/>
  <testcase classname="api.test.Building_Tests" name="test_GetBuildings" time="0.164"/>
  <testcase classname="api.test.Building_Tests" name="test_AddBuilding" time="0.193"/>
  <testcase classname="api.test.Building_Tests" name="test_GetAllBuildingsByProjectId" time="0.075"/>
  <testcase classname="api.test.Building_Tests" name="test_Update_Building" time="0.052"/>
  <testcase classname="api.test.Floor_Tests" name="test_GetFloors" time="0.103"/>
  <testcase classname="api.test.Floor_Tests" name="test_AddFloor" time="0.204"/>
  <testcase classname="api.test.DDtests" name="test_CreateProject_DDT" time="0.064"/>
  <testcase classname="api.test.DDtests" name="test_CreateProject_DDT" time="0.051"/>
  <testcase classname="api.test.User_Tests" name="testLogin" time="0.099"/>
  <testcase classname="api.test.User_Tests" name="test_GetAllUser" time="0.044"/>
  <testcase classname="api.test.User_Tests" name="test_GetUserByEmailId" time="0.043"/>
  <testcase classname="api.test.User_Tests" name="test_forgotPassword" time="0.469"/>
  <testcase classname="api.test.User_Tests" name="test_sendOtpToEmail" time="0.424"/>
  <testcase classname="api.test.User_Tests" name="testLogout" time="0.029"/>
</testsuite> <!-- Test -->
