<?xml version="1.0" encoding="UTF-8"?>
<!-- Generated by org.testng.reporters.JUnitXMLReporter -->
<testsuite ignored="0" hostname="NSSEZ190" failures="0" tests="4" name="Test3" time="0.227" errors="0" timestamp="2025-02-17T09:34:47 IST">
  <testcase classname="api.test.User_Tests" name="testLogin" time="0.109"/>
  <testcase classname="api.test.User_Tests" name="test_GetAllUser" time="0.036"/>
  <testcase classname="api.test.User_Tests" name="test_GetUserByEmailId" time="0.034"/>
  <testcase classname="api.test.User_Tests" name="testLogout" time="0.041"/>
</testsuite> <!-- Test3 -->
