<?xml version="1.0" encoding="UTF-8"?>
<!-- Generated by org.testng.reporters.JUnitXMLReporter -->
<testsuite ignored="0" hostname="NSSEZ190" failures="0" tests="35" name="Test" time="4.958" errors="0" timestamp="2025-02-28T16:22:44 IST">
  <testcase classname="api.test.Project_Tests" name="test_CreateProject" time="1.278"/>
  <testcase classname="api.test.Project_Tests" name="test_GetProject" time="0.068"/>
  <testcase classname="api.test.Project_Tests" name="test_UpdateProject" time="0.068"/>
  <testcase classname="api.test.Project_Tests" name="test_GetActiveProject" time="0.041"/>
  <testcase classname="api.test.Project_Tests" name="test_GetArchivedProject" time="0.039"/>
  <testcase classname="api.test.Project_Tests" name="test_GetProjectDetails" time="0.039"/>
  <testcase classname="api.test.Project_Tests" name="test_GetTimeLineByProjectId" time="0.038"/>
  <testcase classname="api.test.Project_Tests" name="test_GetAreaByProjectId" time="0.044"/>
  <testcase classname="api.test.Project_Tests" name="test_GetCompanyDetailsByProjectId" time="0.028"/>
  <testcase classname="api.test.Building_Tests" name="test_GetBuildings" time="0.101"/>
  <testcase classname="api.test.Building_Tests" name="test_AddBuilding" time="0.092"/>
  <testcase classname="api.test.Building_Tests" name="test_GetAllBuildingsByProjectId" time="0.064"/>
  <testcase classname="api.test.Building_Tests" name="test_Update_Building" time="0.051"/>
  <testcase classname="api.test.Building_Tests" name="test_toggleArchiveBuilding" time="0.052"/>
  <testcase classname="api.test.Building_Tests" name="test_GetArchivedBuildingsByProjectId" time="0.038"/>
  <testcase classname="api.test.Building_Tests" name="test_removeToggleArchiveBuilding" time="0.047"/>
  <testcase classname="api.test.Floor_Tests" name="test_GetFloors" time="0.073"/>
  <testcase classname="api.test.Floor_Tests" name="test_AddFloor" time="0.091"/>
  <testcase classname="api.test.Floor_Tests" name="test_GetAllFloorsByBuildingId" time="0.025"/>
  <testcase classname="api.test.Floor_Tests" name="test_Update_Floor" time="0.041"/>
  <testcase classname="api.test.Region_Tests" name="test_GetRegions" time="0.061"/>
  <testcase classname="api.test.Region_Tests" name="test_AddRegion" time="0.11"/>
  <testcase classname="api.test.Region_Tests" name="test_GetAllRegionsByFloorId" time="0.028"/>
  <testcase classname="api.test.Region_Tests" name="test_Update_Region" time="0.038"/>
  <testcase classname="api.test.ScanData_Tests" name="test_AddScanDate" time="0.073"/>
  <testcase classname="api.test.DDtests" name="test_CreateProject_DDT" time="0.056"/>
  <testcase classname="api.test.DDtests" name="test_CreateProject_DDT" time="0.042"/>
  <testcase classname="api.test.DDtests" name="test_CreateProject_DDT" time="0.041"/>
  <testcase classname="api.test.DDtests" name="test_CreateProject_DDT" time="0.04"/>
  <testcase classname="api.test.User_Tests" name="testLogin" time="0.069"/>
  <testcase classname="api.test.User_Tests" name="test_GetAllUser" time="0.044"/>
  <testcase classname="api.test.User_Tests" name="test_GetUserByEmailId" time="0.038"/>
  <testcase classname="api.test.User_Tests" name="test_forgotPassword" time="0.217"/>
  <testcase classname="api.test.User_Tests" name="test_sendOtpToEmail" time="0.237"/>
  <testcase classname="api.test.User_Tests" name="testLogout" time="0.03"/>
</testsuite> <!-- Test -->
