<?xml version="1.0" encoding="UTF-8"?>
<!-- Generated by org.testng.reporters.JUnitXMLReporter -->
<testsuite ignored="0" hostname="NSSEZ190" failures="0" tests="17" name="Test" time="2.701" errors="0" timestamp="2025-02-25T18:07:30 IST">
  <testcase classname="api.test.Project_Tests" name="test_CreateProject" time="1.327"/>
  <testcase classname="api.test.Project_Tests" name="test_GetProject" time="0.029"/>
  <testcase classname="api.test.Project_Tests" name="test_UpdateProject" time="0.046"/>
  <testcase classname="api.test.Building_Tests" name="test_GetBuildings" time="0.1"/>
  <testcase classname="api.test.Building_Tests" name="test_AddBuilding" time="0.095"/>
  <testcase classname="api.test.Building_Tests" name="test_GetAllBuildingsByProjectId" time="0.034"/>
  <testcase classname="api.test.Building_Tests" name="test_Update_Building" time="0.025"/>
  <testcase classname="api.test.Floor_Tests" name="test_GetFloors" time="0.077"/>
  <testcase classname="api.test.Floor_Tests" name="test_AddFloor" time="0.104"/>
  <testcase classname="api.test.Floor_Tests" name="test_GetAllFloorsByBuildingId" time="0.037"/>
  <testcase classname="api.test.Floor_Tests" name="test_Update_Floor" time="0.019"/>
  <testcase classname="api.test.Region_Tests" name="test_GetRegions" time="0.047"/>
  <testcase classname="api.test.Region_Tests" name="test_AddRegion" time="0.11"/>
  <testcase classname="api.test.Region_Tests" name="test_GetAllRegionsByFloorId" time="0.034"/>
  <testcase classname="api.test.Region_Tests" name="test_Update_Region" time="0.017"/>
  <testcase classname="api.test.ScanData_Tests" name="test_GetScanData" time="0.054"/>
  <testcase classname="api.test.ScanData_Tests" name="test_AddScanDate" time="0.062"/>
</testsuite> <!-- Test -->
