<?xml version="1.0" encoding="UTF-8"?>
<!-- Generated by org.testng.reporters.JUnitXMLReporter -->
<testsuite ignored="0" hostname="NSSEZ190" failures="0" tests="5" name="Test1" time="1.82" errors="0" timestamp="2025-02-17T14:51:26 IST">
  <testcase classname="api.test.ProjectTests" name="test_CreateProject" time="1.434"/>
  <testcase classname="api.test.ProjectTests" name="test_GetProject" time="0.03"/>
  <testcase classname="api.test.ProjectTests" name="test_UpdateProject" time="0.042"/>
  <testcase classname="api.test.ProjectTests" name="test_GetActiveProject" time="0.068"/>
  <testcase classname="api.test.ProjectTests" name="test_GetArchivedProject" time="0.022"/>
</testsuite> <!-- Test1 -->
