<?xml version="1.0" encoding="UTF-8"?>
<testng-results ignored="0" total="3" passed="3" failed="0" skipped="0">
  <reporter-output>
  </reporter-output>
  <suite started-at="2025-02-25T15:24:22 IST" name="Construct Monitor Test Suite" finished-at="2025-02-25T15:24:24 IST" duration-ms="1669">
    <groups>
    </groups>
    <test started-at="2025-02-25T15:24:22 IST" name="Test" finished-at="2025-02-25T15:24:24 IST" duration-ms="1669">
      <class name="api.test.Project_Tests">
        <test-method is-config="true" signature="setupData()[pri:0, instance:api.test.Project_Tests@424ebba3]" started-at="2025-02-25T15:24:22 IST" name="setupData" finished-at="2025-02-25T15:24:23 IST" duration-ms="289" status="PASS">
          <reporter-output>
          </reporter-output>
        </test-method> <!-- setupData -->
        <test-method is-config="true" signature="setupUserAgent(java.lang.String)[pri:0, instance:api.test.Project_Tests@424ebba3]" started-at="2025-02-25T15:24:23 IST" name="setupUserAgent" finished-at="2025-02-25T15:24:23 IST" duration-ms="1" status="PASS">
          <params>
            <param index="0">
              <value>
                <![CDATA[Mozilla/5.0 (Windows NT 10.0; Win64; x64) AppleWebKit/537.36 (KHTML, like Gecko) Chrome/58.0.3029.110 Safari/537.36]]>
              </value>
            </param>
          </params>
          <reporter-output>
          </reporter-output>
        </test-method> <!-- setupUserAgent -->
        <test-method signature="test_CreateProject()[pri:1, instance:api.test.Project_Tests@424ebba3]" started-at="2025-02-25T15:24:23 IST" name="test_CreateProject" finished-at="2025-02-25T15:24:24 IST" duration-ms="1206" status="PASS">
          <reporter-output>
          </reporter-output>
        </test-method> <!-- test_CreateProject -->
        <test-method signature="test_GetProject()[pri:2, instance:api.test.Project_Tests@424ebba3]" started-at="2025-02-25T15:24:24 IST" name="test_GetProject" finished-at="2025-02-25T15:24:24 IST" duration-ms="30" status="PASS">
          <reporter-output>
          </reporter-output>
        </test-method> <!-- test_GetProject -->
        <test-method is-config="true" signature="setupUserAgent(java.lang.String)[pri:0, instance:api.test.Project_Tests@424ebba3]" started-at="2025-02-25T15:24:24 IST" name="setupUserAgent" finished-at="2025-02-25T15:24:24 IST" duration-ms="0" status="PASS">
          <params>
            <param index="0">
              <value>
                <![CDATA[Mozilla/5.0 (Windows NT 10.0; Win64; x64) AppleWebKit/537.36 (KHTML, like Gecko) Chrome/58.0.3029.110 Safari/537.36]]>
              </value>
            </param>
          </params>
          <reporter-output>
          </reporter-output>
        </test-method> <!-- setupUserAgent -->
        <test-method is-config="true" signature="setupUserAgent(java.lang.String)[pri:0, instance:api.test.Project_Tests@424ebba3]" started-at="2025-02-25T15:24:24 IST" name="setupUserAgent" finished-at="2025-02-25T15:24:24 IST" duration-ms="1" status="PASS">
          <params>
            <param index="0">
              <value>
                <![CDATA[Mozilla/5.0 (Windows NT 10.0; Win64; x64) AppleWebKit/537.36 (KHTML, like Gecko) Chrome/58.0.3029.110 Safari/537.36]]>
              </value>
            </param>
          </params>
          <reporter-output>
          </reporter-output>
        </test-method> <!-- setupUserAgent -->
        <test-method signature="test_UpdateProject()[pri:3, instance:api.test.Project_Tests@424ebba3]" started-at="2025-02-25T15:24:24 IST" name="test_UpdateProject" finished-at="2025-02-25T15:24:24 IST" duration-ms="44" status="PASS">
          <reporter-output>
          </reporter-output>
        </test-method> <!-- test_UpdateProject -->
      </class> <!-- api.test.Project_Tests -->
    </test> <!-- Test -->
  </suite> <!-- Construct Monitor Test Suite -->
</testng-results>
