<?xml version="1.0" encoding="UTF-8"?>
<testng-results ignored="0" total="5" passed="5" failed="0" skipped="0">
  <reporter-output>
  </reporter-output>
  <suite started-at="2025-03-03T11:49:52 IST" name="Construct Monitor Test Suite" finished-at="2025-03-03T11:49:54 IST" duration-ms="1570">
    <groups>
    </groups>
    <test started-at="2025-03-03T11:49:52 IST" name="Test" finished-at="2025-03-03T11:49:54 IST" duration-ms="1570">
      <class name="api.test.Parameter_Tests">
        <test-method is-config="true" signature="setupData()[pri:0, instance:api.test.Parameter_Tests@60975100]" started-at="2025-03-03T11:49:52 IST" name="setupData" finished-at="2025-03-03T11:49:52 IST" duration-ms="243" status="PASS">
          <reporter-output>
          </reporter-output>
        </test-method> <!-- setupData -->
        <test-method is-config="true" signature="setupUserAgent(java.lang.String)[pri:0, instance:api.test.Parameter_Tests@60975100]" started-at="2025-03-03T11:49:52 IST" name="setupUserAgent" finished-at="2025-03-03T11:49:52 IST" duration-ms="2" status="PASS">
          <params>
            <param index="0">
              <value>
                <![CDATA[Mozilla/5.0 (Windows NT 10.0; Win64; x64) AppleWebKit/537.36 (KHTML, like Gecko) Chrome/58.0.3029.110 Safari/537.36]]>
              </value>
            </param>
          </params>
          <reporter-output>
          </reporter-output>
        </test-method> <!-- setupUserAgent -->
        <test-method signature="test_GetGlobalParameterStatusByCompanyId()[pri:1, instance:api.test.Parameter_Tests@60975100]" started-at="2025-03-03T11:49:52 IST" name="test_GetGlobalParameterStatusByCompanyId" finished-at="2025-03-03T11:49:53 IST" duration-ms="1061" status="PASS">
          <reporter-output>
          </reporter-output>
        </test-method> <!-- test_GetGlobalParameterStatusByCompanyId -->
        <test-method signature="test_GetProjectParameterStatusByProjectId()[pri:2, instance:api.test.Parameter_Tests@60975100]" started-at="2025-03-03T11:49:53 IST" name="test_GetProjectParameterStatusByProjectId" finished-at="2025-03-03T11:49:54 IST" duration-ms="42" status="PASS">
          <reporter-output>
          </reporter-output>
        </test-method> <!-- test_GetProjectParameterStatusByProjectId -->
        <test-method is-config="true" signature="setupUserAgent(java.lang.String)[pri:0, instance:api.test.Parameter_Tests@60975100]" started-at="2025-03-03T11:49:53 IST" name="setupUserAgent" finished-at="2025-03-03T11:49:53 IST" duration-ms="0" status="PASS">
          <params>
            <param index="0">
              <value>
                <![CDATA[Mozilla/5.0 (Windows NT 10.0; Win64; x64) AppleWebKit/537.36 (KHTML, like Gecko) Chrome/58.0.3029.110 Safari/537.36]]>
              </value>
            </param>
          </params>
          <reporter-output>
          </reporter-output>
        </test-method> <!-- setupUserAgent -->
        <test-method signature="test_GetBuildingParameterStatusByBuildingId()[pri:3, instance:api.test.Parameter_Tests@60975100]" started-at="2025-03-03T11:49:54 IST" name="test_GetBuildingParameterStatusByBuildingId" finished-at="2025-03-03T11:49:54 IST" duration-ms="41" status="PASS">
          <reporter-output>
          </reporter-output>
        </test-method> <!-- test_GetBuildingParameterStatusByBuildingId -->
        <test-method is-config="true" signature="setupUserAgent(java.lang.String)[pri:0, instance:api.test.Parameter_Tests@60975100]" started-at="2025-03-03T11:49:54 IST" name="setupUserAgent" finished-at="2025-03-03T11:49:54 IST" duration-ms="0" status="PASS">
          <params>
            <param index="0">
              <value>
                <![CDATA[Mozilla/5.0 (Windows NT 10.0; Win64; x64) AppleWebKit/537.36 (KHTML, like Gecko) Chrome/58.0.3029.110 Safari/537.36]]>
              </value>
            </param>
          </params>
          <reporter-output>
          </reporter-output>
        </test-method> <!-- setupUserAgent -->
        <test-method signature="test_GetFloorParameterStatusByFloorId()[pri:4, instance:api.test.Parameter_Tests@60975100]" started-at="2025-03-03T11:49:54 IST" name="test_GetFloorParameterStatusByFloorId" finished-at="2025-03-03T11:49:54 IST" duration-ms="44" status="PASS">
          <reporter-output>
          </reporter-output>
        </test-method> <!-- test_GetFloorParameterStatusByFloorId -->
        <test-method is-config="true" signature="setupUserAgent(java.lang.String)[pri:0, instance:api.test.Parameter_Tests@60975100]" started-at="2025-03-03T11:49:54 IST" name="setupUserAgent" finished-at="2025-03-03T11:49:54 IST" duration-ms="0" status="PASS">
          <params>
            <param index="0">
              <value>
                <![CDATA[Mozilla/5.0 (Windows NT 10.0; Win64; x64) AppleWebKit/537.36 (KHTML, like Gecko) Chrome/58.0.3029.110 Safari/537.36]]>
              </value>
            </param>
          </params>
          <reporter-output>
          </reporter-output>
        </test-method> <!-- setupUserAgent -->
        <test-method is-config="true" signature="setupUserAgent(java.lang.String)[pri:0, instance:api.test.Parameter_Tests@60975100]" started-at="2025-03-03T11:49:54 IST" name="setupUserAgent" finished-at="2025-03-03T11:49:54 IST" duration-ms="1" status="PASS">
          <params>
            <param index="0">
              <value>
                <![CDATA[Mozilla/5.0 (Windows NT 10.0; Win64; x64) AppleWebKit/537.36 (KHTML, like Gecko) Chrome/58.0.3029.110 Safari/537.36]]>
              </value>
            </param>
          </params>
          <reporter-output>
          </reporter-output>
        </test-method> <!-- setupUserAgent -->
        <test-method signature="test_GetRegionParameterStatusByRegionId()[pri:5, instance:api.test.Parameter_Tests@60975100]" started-at="2025-03-03T11:49:54 IST" name="test_GetRegionParameterStatusByRegionId" finished-at="2025-03-03T11:49:54 IST" duration-ms="38" status="PASS">
          <reporter-output>
          </reporter-output>
        </test-method> <!-- test_GetRegionParameterStatusByRegionId -->
      </class> <!-- api.test.Parameter_Tests -->
    </test> <!-- Test -->
  </suite> <!-- Construct Monitor Test Suite -->
</testng-results>
