<?xml version="1.0" encoding="UTF-8"?>
<!-- Generated by org.testng.reporters.JUnitXMLReporter -->
<testsuite ignored="0" hostname="NSSEZ190" failures="0" tests="3" name="Test_Project" time="1.712" errors="0" timestamp="2025-02-14T17:31:42 IST">
  <testcase classname="api.test.ProjectTests" name="test_CreateProject" time="1.506"/>
  <testcase classname="api.test.ProjectTests" name="test_GetProject" time="0.033"/>
  <testcase classname="api.test.ProjectTests" name="test_UpdateProject" time="0.037"/>
</testsuite> <!-- Test_Project -->
